# JRE version: OpenJDK Runtime Environment (11.0.8+10) (build 11.0.8+10-b944.6842174)
# Java VM: OpenJDK 64-Bit Server VM (11.0.8+10-b944.6842174, mixed mode, tiered, compressed oops, g1 gc, windows-amd64)
Heap:
 garbage-first heap   total 840704K, used 336128K [0x0000000080000000, 0x0000000100000000)
  region size 1024K, 16 young (16384K), 16 survivors (16384K)
 Metaspace       used 131708K, capacity 135222K, committed 135496K, reserved 1167360K
  class space    used 16064K, capacity 17336K, committed 17408K, reserved 1048576K
GC Heap History (20 events):
Event: 959.313 GC heap after
{Heap after GC invocations=128 (full 0):
 garbage-first heap   total 517120K, used 221231K [0x0000000080000000, 0x0000000100000000)
  region size 1024K, 13 young (13312K), 13 survivors (13312K)
 Metaspace       used 127444K, capacity 130814K, committed 131144K, reserved 1163264K
  class space    used 15550K, capacity 16783K, committed 16896K, reserved 1048576K
}
Event: 959.861 GC heap before
{Heap before GC invocations=128 (full 0):
 garbage-first heap   total 517120K, used 434223K [0x0000000080000000, 0x0000000100000000)
  region size 1024K, 222 young (227328K), 13 survivors (13312K)
 Metaspace       used 127447K, capacity 130814K, committed 131144K, reserved 1163264K
  class space    used 15550K, capacity 16783K, committed 16896K, reserved 1048576K
}
Event: 959.880 GC heap after
{Heap after GC invocations=129 (full 0):
 garbage-first heap   total 517120K, used 223791K [0x0000000080000000, 0x0000000100000000)
  region size 1024K, 15 young (15360K), 15 survivors (15360K)
 Metaspace       used 127447K, capacity 130814K, committed 131144K, reserved 1163264K
  class space    used 15550K, capacity 16783K, committed 16896K, reserved 1048576K
}
Event: 960.379 GC heap before
{Heap before GC invocations=129 (full 0):
 garbage-first heap   total 517120K, used 440879K [0x0000000080000000, 0x0000000100000000)
  region size 1024K, 226 young (231424K), 15 survivors (15360K)
 Metaspace       used 127458K, capacity 130822K, committed 131144K, reserved 1163264K
  class space    used 15550K, capacity 16783K, committed 16896K, reserved 1048576K
}
Event: 960.402 GC heap after
{Heap after GC invocations=130 (full 0):
 garbage-first heap   total 517120K, used 227887K [0x0000000080000000, 0x0000000100000000)
  region size 1024K, 18 young (18432K), 18 survivors (18432K)
 Metaspace       used 127458K, capacity 130822K, committed 131144K, reserved 1163264K
  class space    used 15550K, capacity 16783K, committed 16896K, reserved 1048576K
}
Event: 960.905 GC heap before
{Heap before GC invocations=130 (full 0):
 garbage-first heap   total 517120K, used 441903K [0x0000000080000000, 0x0000000100000000)
  region size 1024K, 227 young (232448K), 18 survivors (18432K)
 Metaspace       used 127459K, capacity 130822K, committed 131144K, reserved 1163264K
  class space    used 15550K, capacity 16783K, committed 16896K, reserved 1048576K
}
Event: 960.928 GC heap after
{Heap after GC invocations=131 (full 0):
 garbage-first heap   total 517120K, used 225711K [0x0000000080000000, 0x0000000100000000)
  region size 1024K, 15 young (15360K), 15 survivors (15360K)
 Metaspace       used 127459K, capacity 130822K, committed 131144K, reserved 1163264K
  class space    used 15550K, capacity 16783K, committed 16896K, reserved 1048576K
}
Event: 961.501 GC heap before
{Heap before GC invocations=131 (full 0):
 garbage-first heap   total 517120K, used 444847K [0x0000000080000000, 0x0000000100000000)
  region size 1024K, 229 young (234496K), 15 survivors (15360K)
 Metaspace       used 127459K, capacity 130822K, committed 131144K, reserved 1163264K
  class space    used 15550K, capacity 16783K, committed 16896K, reserved 1048576K
}
Event: 961.531 GC heap after
{Heap after GC invocations=132 (full 0):
 garbage-first heap   total 517120K, used 233391K [0x0000000080000000, 0x0000000100000000)
  region size 1024K, 22 young (22528K), 22 survivors (22528K)
 Metaspace       used 127459K, capacity 130822K, committed 131144K, reserved 1163264K
  class space    used 15550K, capacity 16783K, committed 16896K, reserved 1048576K
}
Event: 962.240 GC heap before
{Heap before GC invocations=132 (full 0):
 garbage-first heap   total 517120K, used 447407K [0x0000000080000000, 0x0000000100000000)
  region size 1024K, 226 young (231424K), 22 survivors (22528K)
 Metaspace       used 127467K, capacity 130822K, committed 131144K, reserved 1163264K
  class space    used 15550K, capacity 16783K, committed 16896K, reserved 1048576K
}
Event: 962.274 GC heap after
{Heap after GC invocations=133 (full 0):
 garbage-first heap   total 580608K, used 233283K [0x0000000080000000, 0x0000000100000000)
  region size 1024K, 15 young (15360K), 15 survivors (15360K)
 Metaspace       used 127467K, capacity 130822K, committed 131144K, reserved 1163264K
  class space    used 15550K, capacity 16783K, committed 16896K, reserved 1048576K
}
Event: 963.394 GC heap before
{Heap before GC invocations=133 (full 0):
 garbage-first heap   total 580608K, used 474947K [0x0000000080000000, 0x0000000100000000)
  region size 1024K, 251 young (257024K), 15 survivors (15360K)
 Metaspace       used 127477K, capacity 130888K, committed 131144K, reserved 1163264K
  class space    used 15551K, capacity 16784K, committed 16896K, reserved 1048576K
}
Event: 963.418 GC heap after
{Heap after GC invocations=134 (full 0):
 garbage-first heap   total 580608K, used 235331K [0x0000000080000000, 0x0000000100000000)
  region size 1024K, 17 young (17408K), 17 survivors (17408K)
 Metaspace       used 127477K, capacity 130888K, committed 131144K, reserved 1163264K
  class space    used 15551K, capacity 16784K, committed 16896K, reserved 1048576K
}
Event: 965.151 GC heap before
{Heap before GC invocations=134 (full 0):
 garbage-first heap   total 580608K, used 511811K [0x0000000080000000, 0x0000000100000000)
  region size 1024K, 256 young (262144K), 17 survivors (17408K)
 Metaspace       used 128005K, capacity 131488K, committed 131656K, reserved 1165312K
  class space    used 15604K, capacity 16829K, committed 16896K, reserved 1048576K
}
Event: 965.218 GC heap after
{Heap after GC invocations=135 (full 0):
 garbage-first heap   total 580608K, used 279045K [0x0000000080000000, 0x0000000100000000)
  region size 1024K, 32 young (32768K), 32 survivors (32768K)
 Metaspace       used 128005K, capacity 131488K, committed 131656K, reserved 1165312K
  class space    used 15604K, capacity 16829K, committed 16896K, reserved 1048576K
}
Event: 967.103 GC heap before
{Heap before GC invocations=135 (full 0):
 garbage-first heap   total 580608K, used 488965K [0x0000000080000000, 0x0000000100000000)
  region size 1024K, 232 young (237568K), 32 survivors (32768K)
 Metaspace       used 128476K, capacity 132039K, committed 132168K, reserved 1165312K
  class space    used 15636K, capacity 16883K, committed 16896K, reserved 1048576K
}
Event: 967.285 GC heap after
{Heap after GC invocations=136 (full 0):
 garbage-first heap   total 581632K, used 340933K [0x0000000080000000, 0x0000000100000000)
  region size 1024K, 29 young (29696K), 29 survivors (29696K)
 Metaspace       used 128476K, capacity 132039K, committed 132168K, reserved 1165312K
  class space    used 15636K, capacity 16883K, committed 16896K, reserved 1048576K
}
Event: 968.382 GC heap before
{Heap before GC invocations=136 (full 0):
 garbage-first heap   total 581632K, used 487365K [0x0000000080000000, 0x0000000100000000)
  region size 1024K, 159 young (162816K), 29 survivors (29696K)
 Metaspace       used 129413K, capacity 132971K, committed 133064K, reserved 1165312K
  class space    used 15746K, capacity 17001K, committed 17024K, reserved 1048576K
}
Event: 968.450 GC heap after
{Heap after GC invocations=137 (full 0):
 garbage-first heap   total 581632K, used 362496K [0x0000000080000000, 0x0000000100000000)
  region size 1024K, 7 young (7168K), 7 survivors (7168K)
 Metaspace       used 129413K, capacity 132971K, committed 133064K, reserved 1165312K
  class space    used 15746K, capacity 17001K, committed 17024K, reserved 1048576K
}
Event: 969.493 GC heap before
{Heap before GC invocations=138 (full 0):
 garbage-first heap   total 581632K, used 446464K [0x0000000080000000, 0x0000000100000000)
  region size 1024K, 127 young (130048K), 7 survivors (7168K)
 Metaspace       used 131708K, capacity 135222K, committed 135496K, reserved 1167360K
  class space    used 16064K, capacity 17336K, committed 17408K, reserved 1048576K
}

