# JRE version: OpenJDK Runtime Environment (11.0.8+10) (build 11.0.8+10-b944.6842174)
# Java VM: OpenJDK 64-Bit Server VM (11.0.8+10-b944.6842174, mixed mode, tiered, compressed oops, g1 gc, windows-amd64)
Heap:
 garbage-first heap   total 220160K, used 98881K [0x0000000080000000, 0x0000000100000000)
  region size 1024K, 45 young (46080K), 11 survivors (11264K)
 Metaspace       used 79624K, capacity 81732K, committed 81868K, reserved 1120256K
  class space    used 10203K, capacity 10891K, committed 11008K, reserved 1048576K
GC Heap History (20 events):
Event: 3.956 GC heap before
{Heap before GC invocations=6 (full 0):
 garbage-first heap   total 152576K, used 73715K [0x0000000080000000, 0x0000000100000000)
  region size 1024K, 61 young (62464K), 5 survivors (5120K)
 Metaspace       used 26776K, capacity 27471K, committed 27648K, reserved 1073152K
  class space    used 3520K, capacity 3752K, committed 3840K, reserved 1048576K
}
Event: 3.963 GC heap after
{Heap after GC invocations=7 (full 0):
 garbage-first heap   total 152576K, used 18280K [0x0000000080000000, 0x0000000100000000)
  region size 1024K, 6 young (6144K), 6 survivors (6144K)
 Metaspace       used 26776K, capacity 27471K, committed 27648K, reserved 1073152K
  class space    used 3520K, capacity 3752K, committed 3840K, reserved 1048576K
}
Event: 4.893 GC heap before
{Heap before GC invocations=7 (full 0):
 garbage-first heap   total 152576K, used 61288K [0x0000000080000000, 0x0000000100000000)
  region size 1024K, 49 young (50176K), 6 survivors (6144K)
 Metaspace       used 35070K, capacity 35825K, committed 35840K, reserved 1081344K
  class space    used 4562K, capacity 4856K, committed 4864K, reserved 1048576K
}
Event: 4.906 GC heap after
{Heap after GC invocations=8 (full 0):
 garbage-first heap   total 152576K, used 21311K [0x0000000080000000, 0x0000000100000000)
  region size 1024K, 9 young (9216K), 9 survivors (9216K)
 Metaspace       used 35070K, capacity 35825K, committed 35840K, reserved 1081344K
  class space    used 4562K, capacity 4856K, committed 4864K, reserved 1048576K
}
Event: 6.085 GC heap before
{Heap before GC invocations=9 (full 0):
 garbage-first heap   total 152576K, used 96063K [0x0000000080000000, 0x0000000100000000)
  region size 1024K, 79 young (80896K), 9 survivors (9216K)
 Metaspace       used 41882K, capacity 42824K, committed 43084K, reserved 1087488K
  class space    used 5380K, capacity 5712K, committed 5760K, reserved 1048576K
}
Event: 6.100 GC heap after
{Heap after GC invocations=10 (full 0):
 garbage-first heap   total 152576K, used 25178K [0x0000000080000000, 0x0000000100000000)
  region size 1024K, 7 young (7168K), 7 survivors (7168K)
 Metaspace       used 41882K, capacity 42824K, committed 43084K, reserved 1087488K
  class space    used 5380K, capacity 5712K, committed 5760K, reserved 1048576K
}
Event: 7.493 GC heap before
{Heap before GC invocations=10 (full 0):
 garbage-first heap   total 152576K, used 101978K [0x0000000080000000, 0x0000000100000000)
  region size 1024K, 80 young (81920K), 7 survivors (7168K)
 Metaspace       used 45391K, capacity 46594K, committed 46668K, reserved 1089536K
  class space    used 5830K, capacity 6227K, committed 6272K, reserved 1048576K
}
Event: 7.508 GC heap after
{Heap after GC invocations=11 (full 0):
 garbage-first heap   total 152576K, used 36545K [0x0000000080000000, 0x0000000100000000)
  region size 1024K, 10 young (10240K), 10 survivors (10240K)
 Metaspace       used 45391K, capacity 46594K, committed 46668K, reserved 1089536K
  class space    used 5830K, capacity 6227K, committed 6272K, reserved 1048576K
}
Event: 8.963 GC heap before
{Heap before GC invocations=11 (full 0):
 garbage-first heap   total 152576K, used 108225K [0x0000000080000000, 0x0000000100000000)
  region size 1024K, 80 young (81920K), 10 survivors (10240K)
 Metaspace       used 55963K, capacity 57365K, committed 57548K, reserved 1099776K
  class space    used 7111K, capacity 7597K, committed 7680K, reserved 1048576K
}
Event: 8.978 GC heap after
{Heap after GC invocations=12 (full 0):
 garbage-first heap   total 183296K, used 41334K [0x0000000080000000, 0x0000000100000000)
  region size 1024K, 5 young (5120K), 5 survivors (5120K)
 Metaspace       used 55963K, capacity 57365K, committed 57548K, reserved 1099776K
  class space    used 7111K, capacity 7597K, committed 7680K, reserved 1048576K
}
Event: 9.504 GC heap before
{Heap before GC invocations=12 (full 0):
 garbage-first heap   total 183296K, used 70006K [0x0000000080000000, 0x0000000100000000)
  region size 1024K, 33 young (33792K), 5 survivors (5120K)
 Metaspace       used 58703K, capacity 60121K, committed 60288K, reserved 1101824K
  class space    used 7427K, capacity 7907K, committed 7936K, reserved 1048576K
}
Event: 9.519 GC heap after
{Heap after GC invocations=13 (full 0):
 garbage-first heap   total 183296K, used 43710K [0x0000000080000000, 0x0000000100000000)
  region size 1024K, 7 young (7168K), 7 survivors (7168K)
 Metaspace       used 58703K, capacity 60121K, committed 60288K, reserved 1101824K
  class space    used 7427K, capacity 7907K, committed 7936K, reserved 1048576K
}
Event: 11.039 GC heap before
{Heap before GC invocations=14 (full 0):
 garbage-first heap   total 183296K, used 126654K [0x0000000080000000, 0x0000000100000000)
  region size 1024K, 88 young (90112K), 7 survivors (7168K)
 Metaspace       used 64614K, capacity 66173K, committed 66252K, reserved 1105920K
  class space    used 8400K, capacity 8934K, committed 8960K, reserved 1048576K
}
Event: 11.055 GC heap after
{Heap after GC invocations=15 (full 0):
 garbage-first heap   total 183296K, used 49166K [0x0000000080000000, 0x0000000100000000)
  region size 1024K, 9 young (9216K), 9 survivors (9216K)
 Metaspace       used 64614K, capacity 66173K, committed 66252K, reserved 1105920K
  class space    used 8400K, capacity 8934K, committed 8960K, reserved 1048576K
}
Event: 12.621 GC heap before
{Heap before GC invocations=15 (full 0):
 garbage-first heap   total 183296K, used 138254K [0x0000000080000000, 0x0000000100000000)
  region size 1024K, 96 young (98304K), 9 survivors (9216K)
 Metaspace       used 71793K, capacity 73523K, committed 73804K, reserved 1114112K
  class space    used 9432K, capacity 10000K, committed 10112K, reserved 1048576K
}
Event: 12.640 GC heap after
{Heap after GC invocations=16 (full 0):
 garbage-first heap   total 183296K, used 55630K [0x0000000080000000, 0x0000000100000000)
  region size 1024K, 7 young (7168K), 7 survivors (7168K)
 Metaspace       used 71793K, capacity 73523K, committed 73804K, reserved 1114112K
  class space    used 9432K, capacity 10000K, committed 10112K, reserved 1048576K
}
Event: 14.675 GC heap before
{Heap before GC invocations=16 (full 0):
 garbage-first heap   total 183296K, used 139598K [0x0000000080000000, 0x0000000100000000)
  region size 1024K, 90 young (92160K), 7 survivors (7168K)
 Metaspace       used 76586K, capacity 78602K, committed 78796K, reserved 1118208K
  class space    used 9986K, capacity 10652K, committed 10752K, reserved 1048576K
}
Event: 14.693 GC heap after
{Heap after GC invocations=17 (full 0):
 garbage-first heap   total 220160K, used 61039K [0x0000000080000000, 0x0000000100000000)
  region size 1024K, 12 young (12288K), 12 survivors (12288K)
 Metaspace       used 76586K, capacity 78602K, committed 78796K, reserved 1118208K
  class space    used 9986K, capacity 10652K, committed 10752K, reserved 1048576K
}
Event: 17.141 GC heap before
{Heap before GC invocations=17 (full 0):
 garbage-first heap   total 220160K, used 164463K [0x0000000080000000, 0x0000000100000000)
  region size 1024K, 114 young (116736K), 12 survivors (12288K)
 Metaspace       used 77843K, capacity 79886K, committed 80076K, reserved 1118208K
  class space    used 10060K, capacity 10745K, committed 10752K, reserved 1048576K
}
Event: 17.162 GC heap after
{Heap after GC invocations=18 (full 0):
 garbage-first heap   total 220160K, used 66113K [0x0000000080000000, 0x0000000100000000)
  region size 1024K, 11 young (11264K), 11 survivors (11264K)
 Metaspace       used 77843K, capacity 79886K, committed 80076K, reserved 1118208K
  class space    used 10060K, capacity 10745K, committed 10752K, reserved 1048576K
}

